Jan 31 00:09:39 ubuntu.local ticky: INFO Created ticket [#4217] (mdouglas)
Jan 31 00:16:25 ubuntu.local ticky: INFO Closed ticket [#1754] (noel)
Jan 31 00:21:30 ubuntu.local ticky: ERROR The ticket was modified while updating (breee)
Jan 31 00:44:34 ubuntu.local ticky: ERROR Permission denied while closing ticket (ac)
Jan 31 01:00:50 ubuntu.local ticky: INFO Commented on ticket [#4709] (blossom)
Jan 31 01:29:16 ubuntu.local ticky: INFO Commented on ticket [#6518] (rr.robinson)
Jan 31 01:33:12 ubuntu.local ticky: ERROR Tried to add information to closed ticket (mcintosh)
Jan 31 01:43:10 ubuntu.local ticky: ERROR Tried to add information to closed ticket (jackowens)
Jan 31 01:49:29 ubuntu.local ticky: ERROR Tried to add information to closed ticket (mdouglas)
Jan 31 02:30:04 ubuntu.local ticky: ERROR Timeout while retrieving information (oren)
Jan 31 02:55:31 ubuntu.local ticky: ERROR Ticket doesn't exist (xlg)
Jan 31 03:05:35 ubuntu.local ticky: ERROR Timeout while retrieving information (ahmed.miller)
Jan 31 03:08:55 ubuntu.local ticky: ERROR Ticket doesn't exist (blossom)
Jan 31 03:39:27 ubuntu.local ticky: ERROR The ticket was modified while updating (bpacheco)
Jan 31 03:47:24 ubuntu.local ticky: ERROR Ticket doesn't exist (enim.non)
Jan 31 04:30:04 ubuntu.local ticky: ERROR Permission denied while closing ticket (rr.robinson)
Jan 31 04:31:49 ubuntu.local ticky: ERROR Tried to add information to closed ticket (oren)
Jan 31 04:32:49 ubuntu.local ticky: ERROR Timeout while retrieving information (mcintosh)
Jan 31 04:44:23 ubuntu.local ticky: ERROR Timeout while retrieving information (ahmed.miller)
Jan 31 04:44:46 ubuntu.local ticky: ERROR Connection to DB failed (jackowens)
Jan 31 04:49:28 ubuntu.local ticky: ERROR Permission denied while closing ticket (flavia)
Jan 31 05:12:39 ubuntu.local ticky: ERROR Tried to add information to closed ticket (oren)
Jan 31 05:18:45 ubuntu.local ticky: ERROR Tried to add information to closed ticket (sri)
Jan 31 05:23:14 ubuntu.local ticky: INFO Commented on ticket [#1097] (breee)
Jan 31 05:35:00 ubuntu.local ticky: ERROR Connection to DB failed (nonummy)
Jan 31 05:45:30 ubuntu.local ticky: INFO Created ticket [#7115] (noel)
Jan 31 05:51:30 ubuntu.local ticky: ERROR The ticket was modified while updating (flavia)
Jan 31 05:57:46 ubuntu.local ticky: INFO Commented on ticket [#2253] (nonummy)
Jan 31 06:12:02 ubuntu.local ticky: ERROR Connection to DB failed (oren)
Jan 31 06:26:38 ubuntu.local ticky: ERROR Timeout while retrieving information (xlg)
Jan 31 06:32:26 ubuntu.local ticky: INFO Created ticket [#7298] (ahmed.miller)
Jan 31 06:36:25 ubuntu.local ticky: ERROR Timeout while retrieving information (flavia)
Jan 31 06:57:00 ubuntu.local ticky: ERROR Connection to DB failed (jackowens)
Jan 31 06:59:57 ubuntu.local ticky: INFO Commented on ticket [#7255] (oren)
Jan 31 07:59:56 ubuntu.local ticky: ERROR Ticket doesn't exist (flavia)
Jan 31 08:01:40 ubuntu.local ticky: ERROR Tried to add information to closed ticket (jackowens)
Jan 31 08:03:19 ubuntu.local ticky: INFO Closed ticket [#1712] (britanni)
Jan 31 08:22:37 ubuntu.local ticky: INFO Created ticket [#2860] (mcintosh)
Jan 31 08:28:07 ubuntu.local ticky: ERROR Timeout while retrieving information (montanap)
Jan 31 08:49:15 ubuntu.local ticky: ERROR Permission denied while closing ticket (britanni)
Jan 31 08:50:50 ubuntu.local ticky: ERROR Permission denied while closing ticket (montanap)
Jan 31 09:04:27 ubuntu.local ticky: ERROR Tried to add information to closed ticket (noel)
Jan 31 09:15:41 ubuntu.local ticky: ERROR Timeout while retrieving information (oren)
Jan 31 09:18:47 ubuntu.local ticky: INFO Commented on ticket [#8385] (mdouglas)
Jan 31 09:28:18 ubuntu.local ticky: INFO Closed ticket [#2452] (jackowens)
Jan 31 09:41:16 ubuntu.local ticky: ERROR Connection to DB failed (ac)
Jan 31 10:11:35 ubuntu.local ticky: ERROR Timeout while retrieving information (blossom)
Jan 31 10:21:36 ubuntu.local ticky: ERROR Permission denied while closing ticket (montanap)
Jan 31 11:04:02 ubuntu.local ticky: ERROR Tried to add information to closed ticket (breee)
Jan 31 11:19:37 ubuntu.local ticky: ERROR Connection to DB failed (sri)
Jan 31 05:51:30 ubuntu.local ticky: ERROR The ticket was modified while updating (flavia)
Jan 31 05:57:46 ubuntu.local ticky: INFO Commented on ticket [#2253] (nonummy)
Jan 31 06:12:02 ubuntu.local ticky: ERROR Connection to DB failed (oren)
Jan 31 06:26:38 ubuntu.local ticky: ERROR Timeout while retrieving information (xlg)
Jan 31 06:32:26 ubuntu.local ticky: INFO Created ticket [#7298] (ahmed.miller)
Jan 31 06:36:25 ubuntu.local ticky: ERROR Timeout while retrieving information (flavia)
Jan 31 06:57:00 ubuntu.local ticky: ERROR Connection to DB failed (jackowens)
Jan 31 06:59:57 ubuntu.local ticky: INFO Commented on ticket [#7255] (oren)
Jan 31 07:59:56 ubuntu.local ticky: ERROR Ticket doesn't exist (flavia)
Jan 31 08:01:40 ubuntu.local ticky: ERROR Tried to add information to closed ticket (jackowens)
Jan 31 08:03:19 ubuntu.local ticky: INFO Closed ticket [#1712] (britanni)
Jan 31 08:22:37 ubuntu.local ticky: INFO Created ticket [#2860] (mcintosh)
Jan 31 08:28:07 ubuntu.local ticky: ERROR Timeout while retrieving information (montanap)
Jan 31 08:49:15 ubuntu.local ticky: ERROR Permission denied while closing ticket (britanni)
Jan 31 08:50:50 ubuntu.local ticky: ERROR Permission denied while closing ticket (montanap)
Jan 31 09:04:27 ubuntu.local ticky: ERROR Tried to add information to closed ticket (noel)
Jan 31 09:15:41 ubuntu.local ticky: ERROR Timeout while retrieving information (oren)
Jan 31 09:18:47 ubuntu.local ticky: INFO Commented on ticket [#8385] (mdouglas)
Jan 31 09:28:18 ubuntu.local ticky: INFO Closed ticket [#2452] (jackowens)
Jan 31 09:41:16 ubuntu.local ticky: ERROR Connection to DB failed (ac)
Jan 31 10:11:35 ubuntu.local ticky: ERROR Timeout while retrieving information (blossom)
Jan 31 10:21:36 ubuntu.local ticky: ERROR Permission denied while closing ticket (montanap)
Jan 31 11:04:02 ubuntu.local ticky: ERROR Tried to add information to closed ticket (breee)
Jan 31 11:19:37 ubuntu.local ticky: ERROR Connection to DB failed (sri)
Jan 31 11:22:06 ubuntu.local ticky: ERROR Timeout while retrieving information (montanap)
Jan 31 11:31:34 ubuntu.local ticky: ERROR Permission denied while closing ticket (ahmed.miller)
Jan 31 11:40:25 ubuntu.local ticky: ERROR Connection to DB failed (mai.hendrix)
Jan 31 11:47:07 ubuntu.local ticky: INFO Commented on ticket [#4562] (ac)
Jan 31 11:58:33 ubuntu.local ticky: ERROR Tried to add information to closed ticket (ahmed.miller)
Jan 31 12:00:17 ubuntu.local ticky: INFO Created ticket [#7897] (kirknixon)
Jan 31 12:02:49 ubuntu.local ticky: ERROR Permission denied while closing ticket (mai.hendrix)
Jan 31 12:20:23 ubuntu.local ticky: ERROR Connection to DB failed (kirknixon)
Jan 31 12:20:40 ubuntu.local ticky: ERROR Ticket doesn't exist (flavia)
Jan 31 12:24:32 ubuntu.local ticky: INFO Created ticket [#5784] (sri)
Jan 31 12:50:10 ubuntu.local ticky: ERROR Permission denied while closing ticket (blossom)
Jan 31 12:58:16 ubuntu.local ticky: ERROR Tried to add information to closed ticket (nonummy)
Jan 31 13:08:10 ubuntu.local ticky: INFO Closed ticket [#8685] (rr.robinson)
Jan 31 13:48:45 ubuntu.local ticky: ERROR The ticket was modified while updating (breee)
Jan 31 14:13:00 ubuntu.local ticky: INFO Commented on ticket [#4225] (noel)
Jan 31 14:38:50 ubuntu.local ticky: ERROR The ticket was modified while updating (enim.non)
Jan 31 14:41:18 ubuntu.local ticky: ERROR Timeout while retrieving information (xlg)
Jan 31 14:45:55 ubuntu.local ticky: INFO Closed ticket [#7948] (noel)
Jan 31 14:50:41 ubuntu.local ticky: INFO Commented on ticket [#8628] (noel)
Jan 31 14:56:35 ubuntu.local ticky: ERROR Tried to add information to closed ticket (noel)
Jan 31 15:27:53 ubuntu.local ticky: ERROR Ticket doesn't exist (blossom)
Jan 31 15:28:15 ubuntu.local ticky: ERROR Permission denied while closing ticket (enim.non)
Jan 31 15:44:25 ubuntu.local ticky: INFO Closed ticket [#7333] (enim.non)
Jan 31 16:17:20 ubuntu.local ticky: INFO Commented on ticket [#1653] (noel)
Jan 31 16:19:40 ubuntu.local ticky: ERROR The ticket was modified while updating (mdouglas)
Jan 31 16:24:31 ubuntu.local ticky: INFO Created ticket [#5455] (ac)
Jan 31 11:40:25 ubuntu.local ticky: ERROR Connection to DB failed (mai.hendrix)
Jan 31 11:47:07 ubuntu.local ticky: INFO Commented on ticket [#4562] (ac)
Jan 31 11:58:33 ubuntu.local ticky: ERROR Tried to add information to closed ticket (ahmed.miller)
Jan 31 12:00:17 ubuntu.local ticky: INFO Created ticket [#7897] (kirknixon)
Jan 31 12:02:49 ubuntu.local ticky: ERROR Permission denied while closing ticket (mai.hendrix)
Jan 31 12:20:23 ubuntu.local ticky: ERROR Connection to DB failed (kirknixon)
Jan 31 12:20:40 ubuntu.local ticky: ERROR Ticket doesn't exist (flavia)
Jan 31 12:24:32 ubuntu.local ticky: INFO Created ticket [#5784] (sri)
Jan 31 12:50:10 ubuntu.local ticky: ERROR Permission denied while closing ticket (blossom)
Jan 31 12:58:16 ubuntu.local ticky: ERROR Tried to add information to closed ticket (nonummy)
Jan 31 13:08:10 ubuntu.local ticky: INFO Closed ticket [#8685] (rr.robinson)
Jan 31 13:48:45 ubuntu.local ticky: ERROR The ticket was modified while updating (breee)
Jan 31 14:13:00 ubuntu.local ticky: INFO Commented on ticket [#4225] (noel)
Jan 31 14:38:50 ubuntu.local ticky: ERROR The ticket was modified while updating (enim.non)
Jan 31 14:41:18 ubuntu.local ticky: ERROR Timeout while retrieving information (xlg)
Jan 31 14:45:55 ubuntu.local ticky: INFO Closed ticket [#7948] (noel)
Jan 31 14:50:41 ubuntu.local ticky: INFO Commented on ticket [#8628] (noel)
Jan 31 14:56:35 ubuntu.local ticky: ERROR Tried to add information to closed ticket (noel)
Jan 31 15:27:53 ubuntu.local ticky: ERROR Ticket doesn't exist (blossom)
Jan 31 15:28:15 ubuntu.local ticky: ERROR Permission denied while closing ticket (enim.non)
Jan 31 15:44:25 ubuntu.local ticky: INFO Closed ticket [#7333] (enim.non)
Jan 31 16:17:20 ubuntu.local ticky: INFO Commented on ticket [#1653] (noel)
Jan 31 16:19:40 ubuntu.local ticky: ERROR The ticket was modified while updating (mdouglas)
Jan 31 16:24:31 ubuntu.local ticky: INFO Created ticket [#5455] (ac)
Jan 31 16:35:46 ubuntu.local ticky: ERROR Timeout while retrieving information (oren)
Jan 31 16:53:54 ubuntu.local ticky: INFO Commented on ticket [#3813] (mcintosh)
Jan 31 16:54:18 ubuntu.local ticky: ERROR Connection to DB failed (bpacheco)
Jan 31 17:15:47 ubuntu.local ticky: ERROR The ticket was modified while updating (mcintosh)
Jan 31 17:29:11 ubuntu.local ticky: ERROR Connection to DB failed (oren)
Jan 31 17:51:52 ubuntu.local ticky: INFO Closed ticket [#8604] (mcintosh)
Jan 31 18:09:17 ubuntu.local ticky: ERROR The ticket was modified while updating (noel)
Jan 31 18:43:01 ubuntu.local ticky: ERROR Ticket doesn't exist (nonummy)
Jan 31 19:00:23 ubuntu.local ticky: ERROR Timeout while retrieving information (blossom)
Jan 31 19:20:22 ubuntu.local ticky: ERROR Timeout while retrieving information (mai.hendrix)
Jan 31 19:59:06 ubuntu.local ticky: INFO Created ticket [#6361] (enim.non)
Jan 31 20:02:41 ubuntu.local ticky: ERROR Timeout while retrieving information (xlg)
Jan 31 20:21:55 ubuntu.local ticky: INFO Commented on ticket [#7159] (ahmed.miller)
Jan 31 20:28:26 ubuntu.local ticky: ERROR Connection to DB failed (breee)
Jan 31 20:35:17 ubuntu.local ticky: INFO Created ticket [#7737] (nonummy)
Jan 31 20:48:02 ubuntu.local ticky: ERROR Connection to DB failed (mdouglas)
Jan 31 20:56:58 ubuntu.local ticky: INFO Closed ticket [#4372] (oren)
Jan 31 21:00:23 ubuntu.local ticky: INFO Commented on ticket [#2389] (sri)
Jan 31 21:02:06 ubuntu.local ticky: ERROR Connection to DB failed (breee)
Jan 31 21:20:33 ubuntu.local ticky: INFO Closed ticket [#3297] (kirknixon)
Jan 31 21:29:24 ubuntu.local ticky: ERROR The ticket was modified while updating (blossom)
Jan 31 22:58:55 ubuntu.local ticky: INFO Created ticket [#2461] (jackowens)
Jan 31 23:25:18 ubuntu.local ticky: INFO Closed ticket [#9876] (blossom)
Jan 31 23:35:40 ubuntu.local ticky: INFO Created ticket [#5896] (mcintosh)
Jul 18 22:26:11 ubuntu.local ticky: INFO Created ticket [#1370] (ac) 
Nov 23 13:19:53 ubuntu.local ticky: INFO Created ticket [#6524] (nonummy) 
Nov 13 18:43:51 ubuntu.local ticky: ERROR Commented on ticket (blossom) 
Feb 18 21:21:14 ubuntu.local ticky: INFO Created ticket [#7978] (bpacheco) 
Mar 20 23:38:19 ubuntu.local ticky: INFO The ticket was modified while updating [#3098] (mai.hendrix) 
May 27 21:35:15 ubuntu.local ticky: INFO Timeout while retrieving information [#4577] (enim.non) 
Mar 28 20:40:52 ubuntu.local ticky: ERROR Connection to DB failed (enim.non) 
Aug 10 23:51:43 ubuntu.local ticky: ERROR Timeout while retrieving information (enim.non) 
Jun 10 16:37:55 ubuntu.local ticky: ERROR Commented on ticket (jackowens) 
May 19 18:20:26 ubuntu.local ticky: INFO Closed ticket [#2764] (mai.hendrix) 
Jun 17 22:53:23 ubuntu.local ticky: INFO Connection to DB failed [#1057] (ahmed.miller) 
Dec 22 15:49:43 ubuntu.local ticky: INFO Commented on ticket [#2812] (ahmed.miller) 
Aug 25 12:21:34 ubuntu.local ticky: INFO Closed ticket [#3519] (ac) 
Mar 20 22:55:12 ubuntu.local ticky: INFO The ticket was modified while updating [#1312] (mcintosh) 
Oct 20 18:24:36 ubuntu.local ticky: ERROR Timeout while retrieving information (britanni) 
May 23 19:34:13 ubuntu.local ticky: INFO Commented on ticket [#6776] (flavia) 
Oct 20 12:38:52 ubuntu.local ticky: INFO Created ticket [#6332] (breee) 
Mar 17 16:44:45 ubuntu.local ticky: INFO Timeout while retrieving information [#1673] (rr.robinson) 
Aug 20 18:24:29 ubuntu.local ticky: INFO Ticket doesn't exist [#3724] (britanni) 
Jun 10 21:35:12 ubuntu.local ticky: ERROR Timeout while retrieving information (mcintosh) 
Apr 24 19:40:44 ubuntu.local ticky: INFO The ticket was modified while updating [#9258] (blossom) 
May 25 21:18:15 ubuntu.local ticky: INFO The ticket was modified while updating [#4229] (britanni) 
Jan 26 17:43:36 ubuntu.local ticky: ERROR The ticket was modified while updating (flavia) 
Aug 11 23:10:12 ubuntu.local ticky: INFO The ticket was modified while updating [#9764] (britanni) 
Jul 24 10:13:18 ubuntu.local ticky: INFO Tried to add information to closed ticket [#4643] (blossom) 
Jun 15 20:15:37 ubuntu.local ticky: ERROR Timeout while retrieving information (sri) 
Feb 17 11:25:29 ubuntu.local ticky: ERROR Connection to DB failed (breee) 
Dec 21 12:10:24 ubuntu.local ticky: INFO Closed ticket [#4595] (kirknixon) 
Jan 26 22:53:28 ubuntu.local ticky: ERROR Ticket doesn't exist (blossom) 
Dec 12 14:17:24 ubuntu.local ticky: ERROR Ticket doesn't exist (mai.hendrix) 
Aug 25 12:23:54 ubuntu.local ticky: INFO Timeout while retrieving information [#8163] (jackowens) 
Oct 23 22:21:57 ubuntu.local ticky: ERROR The ticket was modified while updating (ahmed.miller) 
Feb 23 23:31:38 ubuntu.local ticky: ERROR Closed ticket (oren) 
May 18 23:30:28 ubuntu.local ticky: ERROR Timeout while retrieving information (britanni) 
Oct 19 13:14:24 ubuntu.local ticky: ERROR Permission denied while closing ticket (jackowens) 
Nov 13 11:32:41 ubuntu.local ticky: ERROR Closed ticket (xlg) 
Jun 23 17:11:43 ubuntu.local ticky: ERROR Created ticket (nonummy) 
Jun 25 11:56:15 ubuntu.local ticky: ERROR Timeout while retrieving information (ac) 
Feb 19 14:30:41 ubuntu.local ticky: INFO Commented on ticket [#5961] (flavia) 
Nov 22 13:48:58 ubuntu.local ticky: ERROR Created ticket (kirknixon) 
Mar 18 16:57:30 ubuntu.local ticky: ERROR Tried to add information to closed ticket (xlg) 
Jan 12 12:24:26 ubuntu.local ticky: ERROR The ticket was modified while updating (noel) 
Oct 15 14:25:48 ubuntu.local ticky: ERROR Tried to add information to closed ticket (xlg) 
Dec 20 18:59:36 ubuntu.local ticky: INFO Timeout while retrieving information [#9475] (oren) 
Oct 23 12:32:56 ubuntu.local ticky: INFO Permission denied while closing ticket [#8804] (blossom) 
Jan 11 20:35:21 ubuntu.local ticky: ERROR Ticket doesn't exist (jackowens) 
Apr 17 11:25:14 ubuntu.local ticky: ERROR The ticket was modified while updating (mdouglas) 
Feb 13 14:10:17 ubuntu.local ticky: ERROR Created ticket (flavia) 
Oct 12 19:13:18 ubuntu.local ticky: ERROR Commented on ticket (oren) 
Jan 24 11:45:43 ubuntu.local ticky: INFO Created ticket [#3326] (ac) 
Mar 26 17:31:44 ubuntu.local ticky: INFO Timeout while retrieving information [#4089] (mai.hendrix) 
Apr 13 20:52:45 ubuntu.local ticky: INFO Tried to add information to closed ticket [#7673] (jackowens) 
Oct 16 10:12:59 ubuntu.local ticky: INFO Commented on ticket [#2692] (xlg) 
Jul 11 20:33:40 ubuntu.local ticky: ERROR Commented on ticket (mcintosh) 
Dec 26 11:52:40 ubuntu.local ticky: ERROR Tried to add information to closed ticket (breee) 
Dec 12 18:34:36 ubuntu.local ticky: ERROR Closed ticket (sri) 
Aug 16 14:15:16 ubuntu.local ticky: INFO Created ticket [#3639] (kirknixon) 
Jul 24 21:37:51 ubuntu.local ticky: ERROR The ticket was modified while updating (mcintosh) 
Jan 15 18:24:45 ubuntu.local ticky: INFO Connection to DB failed [#7334] (flavia) 
Feb 13 23:45:52 ubuntu.local ticky: ERROR Commented on ticket (kirknixon) 
Jul 11 16:13:43 ubuntu.local ticky: INFO Ticket doesn't exist [#6481] (noel) 
Nov 12 16:42:57 ubuntu.local ticky: ERROR The ticket was modified while updating (britanni) 
May 23 17:13:33 ubuntu.local ticky: INFO Ticket doesn't exist [#5498] (flavia) 
Feb 25 13:46:18 ubuntu.local ticky: ERROR Created ticket (noel) 
Mar 13 23:40:17 ubuntu.local ticky: ERROR Connection to DB failed (sri) 
Aug 22 11:58:43 ubuntu.local ticky: INFO Tried to add information to closed ticket [#5424] (ac) 
Apr 10 21:31:51 ubuntu.local ticky: ERROR Created ticket (mcintosh) 
Jan 28 11:18:39 ubuntu.local ticky: INFO Ticket doesn't exist [#7863] (britanni) 
Oct 12 23:20:52 ubuntu.local ticky: ERROR The ticket was modified while updating (flavia) 
Mar 22 15:47:31 ubuntu.local ticky: INFO Permission denied while closing ticket [#4833] (ahmed.miller) 
Feb 24 21:14:45 ubuntu.local ticky: INFO Permission denied while closing ticket [#1730] (rr.robinson) 
May 20 18:29:40 ubuntu.local ticky: ERROR Closed ticket (montanap) 
May 28 16:57:35 ubuntu.local ticky: INFO Permission denied while closing ticket [#7037] (breee) 
Dec 12 11:15:21 ubuntu.local ticky: INFO Ticket doesn't exist [#3931] (mdouglas) 
Apr 23 14:47:49 ubuntu.local ticky: INFO The ticket was modified while updating [#8436] (bpacheco) 
May 18 15:20:54 ubuntu.local ticky: ERROR Permission denied while closing ticket (mcintosh) 
Sep 16 19:14:34 ubuntu.local ticky: ERROR Closed ticket (ahmed.miller) 
Oct 18 17:38:49 ubuntu.local ticky: ERROR Commented on ticket (montanap) 
Dec 16 10:31:49 ubuntu.local ticky: ERROR Tried to add information to closed ticket (montanap) 
Feb 23 14:57:33 ubuntu.local ticky: INFO Timeout while retrieving information [#3274] (ahmed.miller) 
Jul 12 18:35:32 ubuntu.local ticky: INFO Permission denied while closing ticket [#3938] (enim.non) 
Apr 14 22:32:23 ubuntu.local ticky: ERROR Commented on ticket (xlg) 
Feb 21 22:15:34 ubuntu.local ticky: INFO The ticket was modified while updating [#7030] (noel) 
Oct 21 12:13:58 ubuntu.local ticky: INFO Timeout while retrieving information [#8303] (kirknixon) 
Jun 28 23:41:49 ubuntu.local ticky: INFO Tried to add information to closed ticket [#7924] (flavia) 
Apr 23 18:28:14 ubuntu.local ticky: INFO Timeout while retrieving information [#6577] (nonummy) 
Jul 14 11:57:17 ubuntu.local ticky: ERROR Timeout while retrieving information (sri) 
Jul 25 14:21:54 ubuntu.local ticky: INFO Connection to DB failed [#3556] (rr.robinson) 
Dec 22 12:11:58 ubuntu.local ticky: INFO Permission denied while closing ticket [#7504] (mdouglas) 
Apr 19 11:54:38 ubuntu.local ticky: ERROR Connection to DB failed (noel) 
Jun 21 11:11:25 ubuntu.local ticky: ERROR Connection to DB failed (blossom) 
Aug 14 17:14:23 ubuntu.local ticky: ERROR Ticket doesn't exist (ahmed.miller) 
Aug 14 19:41:58 ubuntu.local ticky: INFO Tried to add information to closed ticket [#2586] (blossom) 
Apr 14 19:36:44 ubuntu.local ticky: INFO Created ticket [#8388] (breee) 
May 21 14:13:22 ubuntu.local ticky: ERROR Tried to add information to closed ticket (noel) 
Jul 20 16:36:27 ubuntu.local ticky: ERROR The ticket was modified while updating (bpacheco) 
Aug 20 19:52:36 ubuntu.local ticky: INFO Connection to DB failed [#7329] (mcintosh) 
Nov 19 11:30:46 ubuntu.local ticky: ERROR Ticket doesn't exist (nonummy) 
Jul 19 21:54:59 ubuntu.local ticky: INFO The ticket was modified while updating [#2638] (noel) 
Oct 10 14:29:57 ubuntu.local ticky: ERROR Closed ticket (blossom) 
Aug 10 11:45:34 ubuntu.local ticky: ERROR Timeout while retrieving information (enim.non) 
Jan 27 18:45:19 ubuntu.local ticky: INFO Commented on ticket [#7770] (britanni) 
Jan 10 15:54:37 ubuntu.local ticky: ERROR Connection to DB failed (mdouglas) 
Mar 13 18:30:12 ubuntu.local ticky: ERROR Closed ticket (jackowens) 
Sep 10 10:12:27 ubuntu.local ticky: INFO Connection to DB failed [#4323] (jackowens) 
Jan 14 18:42:39 ubuntu.local ticky: ERROR Connection to DB failed (oren) 
May 17 20:48:28 ubuntu.local ticky: INFO Commented on ticket [#4248] (sri) 
Feb 26 17:40:24 ubuntu.local ticky: INFO Tried to add information to closed ticket [#3079] (ahmed.miller) 
Mar 21 14:56:31 ubuntu.local ticky: ERROR Closed ticket (ac) 
Apr 22 10:29:17 ubuntu.local ticky: ERROR Created ticket (jackowens) 
May 16 19:57:10 ubuntu.local ticky: INFO Permission denied while closing ticket [#4061] (bpacheco) 
May 22 21:52:11 ubuntu.local ticky: INFO Closed ticket [#7438] (blossom) 
Mar 18 17:16:22 ubuntu.local ticky: ERROR Permission denied while closing ticket (noel) 
Apr 16 19:39:51 ubuntu.local ticky: INFO Timeout while retrieving information [#2513] (mcintosh) 
Jan 24 11:29:48 ubuntu.local ticky: ERROR Tried to add information to closed ticket (mcintosh) 
May 28 12:21:56 ubuntu.local ticky: INFO Commented on ticket [#4743] (flavia) 
Nov 19 23:13:20 ubuntu.local ticky: INFO Ticket doesn't exist [#4211] (jackowens) 
Jun 26 10:54:30 ubuntu.local ticky: INFO Timeout while retrieving information [#8293] (bpacheco) 
Aug 12 12:58:45 ubuntu.local ticky: ERROR Timeout while retrieving information (rr.robinson) 
Sep 23 20:59:49 ubuntu.local ticky: INFO The ticket was modified while updating [#2374] (ahmed.miller) 
Jun 17 16:11:10 ubuntu.local ticky: ERROR Permission denied while closing ticket (britanni) 
Jun 15 22:32:53 ubuntu.local ticky: ERROR Ticket doesn't exist (enim.non) 
Jul 25 17:49:23 ubuntu.local ticky: INFO Tried to add information to closed ticket [#5078] (nonummy) 
Jun 15 15:50:34 ubuntu.local ticky: INFO The ticket was modified while updating [#9747] (bpacheco) 
Mar 17 16:24:47 ubuntu.local ticky: ERROR Closed ticket (sri) 
Nov 28 20:57:11 ubuntu.local ticky: ERROR Timeout while retrieving information (rr.robinson) 
Jan 16 22:14:48 ubuntu.local ticky: INFO Tried to add information to closed ticket [#9652] (xlg) 
Aug 24 13:40:20 ubuntu.local ticky: INFO Closed ticket [#2494] (mdouglas) 
Jun 18 17:10:49 ubuntu.local ticky: ERROR Timeout while retrieving information (britanni) 
Oct 10 21:50:45 ubuntu.local ticky: INFO Created ticket [#3085] (rr.robinson) 
Apr 25 10:42:52 ubuntu.local ticky: ERROR Tried to add information to closed ticket (flavia) 
Apr 15 10:59:36 ubuntu.local ticky: ERROR Ticket doesn't exist (mai.hendrix) 
Jun 23 11:53:35 ubuntu.local ticky: ERROR Commented on ticket (britanni) 
Aug 21 11:45:58 ubuntu.local ticky: ERROR Created ticket (breee) 
Sep 20 17:21:18 ubuntu.local ticky: INFO Closed ticket [#2506] (breee) 
Aug 14 19:34:50 ubuntu.local ticky: INFO Created ticket [#4796] (rr.robinson) 
Apr 13 17:40:19 ubuntu.local ticky: ERROR Permission denied while closing ticket (bpacheco) 
Jun 22 10:55:30 ubuntu.local ticky: INFO Timeout while retrieving information [#8277] (kirknixon) 
Feb 18 10:39:43 ubuntu.local ticky: INFO Timeout while retrieving information [#2074] (sri) 
Dec 17 11:42:50 ubuntu.local ticky: INFO Permission denied while closing ticket [#5895] (montanap) 
May 13 15:14:23 ubuntu.local ticky: ERROR Timeout while retrieving information (noel) 
Jan 19 22:39:45 ubuntu.local ticky: INFO Commented on ticket [#3946] (mai.hendrix) 
Sep 24 16:22:20 ubuntu.local ticky: INFO Tried to add information to closed ticket [#2192] (bpacheco) 
Mar 26 21:36:21 ubuntu.local ticky: ERROR Tried to add information to closed ticket (britanni) 
Jun 24 23:59:31 ubuntu.local ticky: INFO The ticket was modified while updating [#8931] (ahmed.miller) 
Sep 12 23:56:15 ubuntu.local ticky: ERROR Created ticket (sri) 
Feb 13 10:12:28 ubuntu.local ticky: INFO Ticket doesn't exist [#2871] (kirknixon) 
Aug 11 13:52:24 ubuntu.local ticky: INFO Closed ticket [#1436] (britanni) 
Sep 20 19:15:19 ubuntu.local ticky: INFO Connection to DB failed [#2407] (ahmed.miller) 
Aug 18 16:11:13 ubuntu.local ticky: INFO Created ticket [#3560] (kirknixon) 
Oct 11 23:46:40 ubuntu.local ticky: ERROR Commented on ticket (mdouglas) 
Nov 22 10:49:12 ubuntu.local ticky: INFO Timeout while retrieving information [#1032] (montanap) 
May 11 12:16:55 ubuntu.local ticky: INFO The ticket was modified while updating [#4061] (enim.non) 
Sep 24 22:55:57 ubuntu.local ticky: ERROR Created ticket (jackowens) 
Oct 20 14:43:58 ubuntu.local ticky: INFO Timeout while retrieving information [#3135] (sri) 
Sep 27 10:15:13 ubuntu.local ticky: INFO Commented on ticket [#9134] (mai.hendrix) 
Mar 21 15:35:21 ubuntu.local ticky: ERROR Tried to add information to closed ticket (mai.hendrix) 
May 16 13:35:31 ubuntu.local ticky: INFO Commented on ticket [#3165] (nonummy) 
Aug 15 21:38:42 ubuntu.local ticky: INFO Created ticket [#8649] (sri) 
Oct 21 19:56:15 ubuntu.local ticky: INFO Permission denied while closing ticket [#6711] (mdouglas) 
Jan 28 15:58:42 ubuntu.local ticky: ERROR Tried to add information to closed ticket (noel) 
Jul 20 19:30:54 ubuntu.local ticky: ERROR Timeout while retrieving information (montanap) 
May 17 21:59:24 ubuntu.local ticky: INFO Closed ticket [#1012] (flavia) 
Sep 18 22:50:33 ubuntu.local ticky: INFO Connection to DB failed [#3963] (breee) 
Dec 22 16:36:38 ubuntu.local ticky: INFO Commented on ticket [#3646] (britanni) 
Dec 14 20:10:47 ubuntu.local ticky: INFO Permission denied while closing ticket [#9578] (ac) 
Oct 13 16:39:26 ubuntu.local ticky: INFO Permission denied while closing ticket [#6694] (mai.hendrix) 
Aug 21 20:49:12 ubuntu.local ticky: ERROR Ticket doesn't exist (flavia) 
Oct 13 21:51:48 ubuntu.local ticky: INFO Connection to DB failed [#1100] (enim.non) 
Aug 12 21:35:44 ubuntu.local ticky: ERROR Connection to DB failed (breee) 
Sep 23 15:21:32 ubuntu.local ticky: ERROR Created ticket (xlg) 
Aug 23 17:26:59 ubuntu.local ticky: ERROR Created ticket (blossom) 
May 21 16:34:39 ubuntu.local ticky: INFO Commented on ticket [#7276] (kirknixon) 
Oct 11 19:30:34 ubuntu.local ticky: INFO Closed ticket [#7201] (sri) 
Nov 27 23:11:41 ubuntu.local ticky: ERROR Permission denied while closing ticket (mcintosh) 
Dec 13 16:12:31 ubuntu.local ticky: ERROR The ticket was modified while updating (noel) 
Apr 10 22:15:52 ubuntu.local ticky: INFO Created ticket [#1888] (jackowens) 
Feb 27 21:25:56 ubuntu.local ticky: ERROR Created ticket (mcintosh) 
Jul 16 15:25:10 ubuntu.local ticky: ERROR Commented on ticket (flavia) 
Jul 24 15:32:50 ubuntu.local ticky: ERROR Tried to add information to closed ticket (rr.robinson) 
Nov 21 11:47:47 ubuntu.local ticky: INFO Closed ticket [#1555] (oren) 
Jun 27 11:40:45 ubuntu.local ticky: ERROR Timeout while retrieving information (xlg) 
Aug 16 10:10:52 ubuntu.local ticky: INFO Timeout while retrieving information [#8844] (mcintosh) 
Jul 28 12:52:21 ubuntu.local ticky: ERROR Timeout while retrieving information (ahmed.miller) 
Jul 19 16:28:42 ubuntu.local ticky: ERROR Commented on ticket (mcintosh) 
Mar 10 22:39:18 ubuntu.local ticky: INFO Commented on ticket [#7385] (mdouglas) 
Dec 23 10:22:37 ubuntu.local ticky: ERROR Commented on ticket (rr.robinson) 
Aug 28 16:35:47 ubuntu.local ticky: ERROR Connection to DB failed (flavia) 
Sep 10 12:34:59 ubuntu.local ticky: ERROR Connection to DB failed (flavia) 
May 26 15:41:34 ubuntu.local ticky: INFO Tried to add information to closed ticket [#6665] (jackowens) 
Feb 14 12:20:36 ubuntu.local ticky: INFO Ticket doesn't exist [#4099] (noel) 
Aug 14 21:13:49 ubuntu.local ticky: INFO Timeout while retrieving information [#4720] (mdouglas) 
Feb 17 15:30:15 ubuntu.local ticky: INFO Timeout while retrieving information [#6351] (rr.robinson) 
Aug 22 22:31:43 ubuntu.local ticky: ERROR Tried to add information to closed ticket (ahmed.miller) 
May 20 12:45:37 ubuntu.local ticky: ERROR Closed ticket (sri) 
Oct 23 19:15:44 ubuntu.local ticky: INFO Timeout while retrieving information [#4542] (kirknixon) 
Mar 18 17:52:54 ubuntu.local ticky: INFO Timeout while retrieving information [#3705] (mcintosh) 
Jul 27 10:52:19 ubuntu.local ticky: ERROR Permission denied while closing ticket (oren) 
Jun 25 13:37:52 ubuntu.local ticky: INFO Closed ticket [#8916] (mcintosh) 
Mar 15 11:50:32 ubuntu.local ticky: INFO Created ticket [#8707] (mai.hendrix) 
Mar 24 23:53:52 ubuntu.local ticky: ERROR Permission denied while closing ticket (xlg) 
Mar 11 22:22:28 ubuntu.local ticky: ERROR Permission denied while closing ticket (breee) 
Oct 16 19:30:59 ubuntu.local ticky: INFO Closed ticket [#6655] (rr.robinson) 
Sep 22 21:21:21 ubuntu.local ticky: INFO The ticket was modified while updating [#3874] (mdouglas) 
Dec 27 15:14:22 ubuntu.local ticky: ERROR Tried to add information to closed ticket (noel) 
Oct 19 11:21:59 ubuntu.local ticky: ERROR Timeout while retrieving information (mdouglas) 
Sep 17 13:49:41 ubuntu.local ticky: INFO The ticket was modified while updating [#5156] (blossom) 
Feb 26 14:22:33 ubuntu.local ticky: INFO Connection to DB failed [#2334] (sri) 
Aug 22 11:12:25 ubuntu.local ticky: ERROR Commented on ticket (kirknixon) 
Aug 14 18:45:57 ubuntu.local ticky: INFO Connection to DB failed [#1318] (jackowens) 
Jul 14 17:15:14 ubuntu.local ticky: INFO Created ticket [#3938] (nonummy) 
Dec 16 17:30:26 ubuntu.local ticky: INFO The ticket was modified while updating [#7960] (bpacheco) 
Sep 22 12:26:26 ubuntu.local ticky: INFO Tried to add information to closed ticket [#7773] (montanap) 
May 16 20:27:15 ubuntu.local ticky: ERROR Connection to DB failed (mdouglas) 
Oct 25 10:58:42 ubuntu.local ticky: INFO The ticket was modified while updating [#7788] (mcintosh) 
Apr 28 22:45:37 ubuntu.local ticky: ERROR Created ticket (bpacheco) 
Sep 15 14:42:53 ubuntu.local ticky: ERROR Permission denied while closing ticket (britanni) 
Apr 28 13:20:48 ubuntu.local ticky: ERROR Permission denied while closing ticket (mai.hendrix) 
Nov 19 12:28:36 ubuntu.local ticky: INFO Commented on ticket [#4019] (mdouglas) 
Dec 13 10:38:43 ubuntu.local ticky: ERROR Created ticket (oren) 
Aug 19 19:33:43 ubuntu.local ticky: INFO Tried to add information to closed ticket [#9446] (montanap)
Jan 18 16:52:53 ubuntu.local ticky: ERROR Permission denied while closing ticket (oren)
Aug 28 12:21:46 ubuntu.local ticky: INFO Commented on ticket [#5391] (enim.non)
Nov 20 19:48:17 ubuntu.local ticky: INFO Timeout while retrieving information [#8753] (breee)
Feb 24 13:49:35 ubuntu.local ticky: ERROR Closed ticket (britanni)
Aug 26 15:11:17 ubuntu.local ticky: ERROR Timeout while retrieving information (oren)
Mar 14 19:40:43 ubuntu.local ticky: ERROR Ticket doesn't exist (noel)
Oct 22 11:27:46 ubuntu.local ticky: ERROR Permission denied while closing ticket (noel)
Aug 18 22:29:12 ubuntu.local ticky: INFO Commented on ticket [#1495] (sri)
May 21 20:26:19 ubuntu.local ticky: INFO Created ticket [#3087] (mcintosh)
Aug 19 16:49:28 ubuntu.local ticky: ERROR Ticket doesn't exist (xlg)
Jan 22 22:14:39 ubuntu.local ticky: INFO The ticket was modified while updating [#3937] (xlg)
Dec 13 20:47:10 ubuntu.local ticky: ERROR Connection to DB failed (kirknixon)
Sep 24 23:59:55 ubuntu.local ticky: ERROR Created ticket (nonummy)
Oct 17 20:56:30 ubuntu.local ticky: INFO Created ticket [#4110] (nonummy)
Dec 28 10:29:38 ubuntu.local ticky: INFO Timeout while retrieving information [#4896] (kirknixon)
Jul 28 21:20:12 ubuntu.local ticky: ERROR Connection to DB failed (montanap)
Aug 12 10:41:56 ubuntu.local ticky: ERROR Closed ticket (mcintosh)
Jan 17 15:39:56 ubuntu.local ticky: ERROR The ticket was modified while updating (britanni)
Feb 26 12:27:31 ubuntu.local ticky: INFO Permission denied while closing ticket [#8432] (mcintosh)
Oct 21 11:25:41 ubuntu.local ticky: INFO Tried to add information to closed ticket [#9533] (ahmed.miller)
Jan 24 20:36:37 ubuntu.local ticky: ERROR Tried to add information to closed ticket (mai.hendrix)
Aug 24 20:25:54 ubuntu.local ticky: INFO Ticket doesn't exist [#8551] (nonummy)
May 16 17:52:11 ubuntu.local ticky: ERROR Connection to DB failed (flavia)
Feb 21 13:26:15 ubuntu.local ticky: ERROR Ticket doesn't exist (enim.non)
Sep 28 13:44:44 ubuntu.local ticky: INFO Ticket doesn't exist [#8310] (blossom)
Feb 12 21:17:35 ubuntu.local ticky: INFO Created ticket [#7985] (jackowens)
Feb 22 20:28:46 ubuntu.local ticky: ERROR Commented on ticket (rr.robinson)
Jul 19 23:56:24 ubuntu.local ticky: ERROR Commented on ticket (xlg)
Nov 17 23:35:27 ubuntu.local ticky: ERROR Timeout while retrieving information (rr.robinson)
Jul 24 22:40:22 ubuntu.local ticky: ERROR Created ticket (blossom)
Mar 24 18:22:11 ubuntu.local ticky: ERROR Connection to DB failed (noel)
Jun 16 20:39:54 ubuntu.local ticky: ERROR Ticket doesn't exist (oren)
Nov 21 16:11:20 ubuntu.local ticky: INFO Commented on ticket [#9158] (britanni)
Mar 26 14:17:19 ubuntu.local ticky: ERROR Permission denied while closing ticket (kirknixon)
Aug 28 23:39:45 ubuntu.local ticky: ERROR Closed ticket (ahmed.miller)
Dec 17 23:14:38 ubuntu.local ticky: ERROR Connection to DB failed (mdouglas)
Nov 18 23:23:29 ubuntu.local ticky: ERROR Permission denied while closing ticket (kirknixon)
Feb 26 14:37:42 ubuntu.local ticky: INFO The ticket was modified while updating [#2696] (noel)
Mar 12 16:28:38 ubuntu.local ticky: ERROR Connection to DB failed (breee)
Nov 15 20:58:15 ubuntu.local ticky: INFO Commented on ticket [#2725] (xlg)
Apr 16 16:49:40 ubuntu.local ticky: INFO Timeout while retrieving information [#1735] (mai.hendrix)
Mar 22 22:28:16 ubuntu.local ticky: ERROR Timeout while retrieving information (bpacheco)
Mar 10 13:16:11 ubuntu.local ticky: INFO Connection to DB failed [#8271] (mdouglas)
Feb 23 14:47:47 ubuntu.local ticky: ERROR Created ticket (oren)
Nov 26 15:34:47 ubuntu.local ticky: INFO Commented on ticket [#6237] (bpacheco)
Sep 11 11:55:42 ubuntu.local ticky: INFO Commented on ticket [#2566] (rr.robinson)
May 21 15:34:10 ubuntu.local ticky: ERROR Connection to DB failed (nonummy)
Dec 25 21:13:28 ubuntu.local ticky: ERROR Closed ticket (britanni)
Jan 18 19:21:56 ubuntu.local ticky: INFO Ticket doesn't exist [#4365] (xlg)
Aug 25 23:47:40 ubuntu.local ticky: INFO Tried to add information to closed ticket [#7944] (sri)
Feb 24 14:11:33 ubuntu.local ticky: ERROR Ticket doesn't exist (nonummy)
Dec 10 10:32:54 ubuntu.local ticky: ERROR Permission denied while closing ticket (noel)
May 23 14:21:29 ubuntu.local ticky: INFO The ticket was modified while updating [#2522] (montanap)
Dec 28 20:58:24 ubuntu.local ticky: INFO Created ticket [#1011] (oren)
Mar 16 13:48:13 ubuntu.local ticky: INFO Permission denied while closing ticket [#4519] (xlg)
Mar 14 18:29:40 ubuntu.local ticky: ERROR Ticket doesn't exist (britanni)
Jun 14 21:53:28 ubuntu.local ticky: ERROR Permission denied while closing ticket (enim.non)
Nov 13 21:29:56 ubuntu.local ticky: ERROR Commented on ticket (oren)
Aug 21 12:26:49 ubuntu.local ticky: INFO Permission denied while closing ticket [#2831] (mdouglas)
Jan 23 17:58:46 ubuntu.local ticky: ERROR Timeout while retrieving information (blossom)
Nov 17 19:18:14 ubuntu.local ticky: INFO Commented on ticket [#6179] (sri)
Nov 19 19:24:14 ubuntu.local ticky: INFO Permission denied while closing ticket [#8006] (bpacheco)
Mar 28 21:23:59 ubuntu.local ticky: INFO Tried to add information to closed ticket [#7484] (ac)
Feb 26 21:22:16 ubuntu.local ticky: ERROR Closed ticket (breee)
Oct 26 18:35:50 ubuntu.local ticky: INFO Commented on ticket [#3514] (sri)
Dec 13 13:23:20 ubuntu.local ticky: ERROR Tried to add information to closed ticket (bpacheco)
Jan 20 10:27:46 ubuntu.local ticky: ERROR Connection to DB failed (blossom)
Oct 21 11:37:35 ubuntu.local ticky: INFO Timeout while retrieving information [#9432] (mdouglas)
Feb 28 21:33:38 ubuntu.local ticky: INFO Tried to add information to closed ticket [#6276] (ac)
Sep 16 22:21:22 ubuntu.local ticky: INFO Closed ticket [#1908] (flavia)
Feb 19 21:47:25 ubuntu.local ticky: ERROR Closed ticket (kirknixon)
Jun 14 23:13:49 ubuntu.local ticky: INFO Created ticket [#6792] (montanap)
Aug 24 23:34:54 ubuntu.local ticky: ERROR The ticket was modified while updating (oren)
Jan 11 21:36:32 ubuntu.local ticky: ERROR Connection to DB failed (blossom)
Oct 25 11:28:45 ubuntu.local ticky: INFO Connection to DB failed [#9469] (kirknixon)
Jan 17 22:38:46 ubuntu.local ticky: ERROR Closed ticket (kirknixon)
Feb 14 20:16:40 ubuntu.local ticky: INFO Closed ticket [#5091] (sri)
Dec 18 20:27:47 ubuntu.local ticky: INFO Commented on ticket [#9358] (enim.non)
Aug 21 13:47:30 ubuntu.local ticky: ERROR Permission denied while closing ticket (britanni)
May 16 22:38:42 ubuntu.local ticky: INFO Created ticket [#6678] (rr.robinson)
Oct 11 18:20:50 ubuntu.local ticky: ERROR The ticket was modified while updating (mai.hendrix)
Feb 16 14:45:30 ubuntu.local ticky: ERROR Connection to DB failed (britanni)
Feb 19 14:48:52 ubuntu.local ticky: ERROR Tried to add information to closed ticket (ac)
Jul 28 12:13:51 ubuntu.local ticky: ERROR Commented on ticket (blossom)
Nov 25 19:42:12 ubuntu.local ticky: ERROR Ticket doesn't exist (sri)
Mar 15 11:13:53 ubuntu.local ticky: INFO Permission denied while closing ticket [#4360] (rr.robinson)
Jan 11 21:17:18 ubuntu.local ticky: ERROR Connection to DB failed (sri)
Aug 28 22:40:33 ubuntu.local ticky: ERROR The ticket was modified while updating (jackowens)
Apr 26 21:22:40 ubuntu.local ticky: ERROR Closed ticket (breee)
Oct 18 10:15:13 ubuntu.local ticky: INFO Created ticket [#3108] (breee)
May 20 12:32:22 ubuntu.local ticky: INFO Closed ticket [#7925] (jackowens)
Aug 22 23:10:31 ubuntu.local ticky: INFO Commented on ticket [#9811] (nonummy)
Mar 13 10:48:30 ubuntu.local ticky: INFO Closed ticket [#9156] (flavia)
Jun 11 17:52:44 ubuntu.local ticky: ERROR Connection to DB failed (blossom)
May 23 10:32:28 ubuntu.local ticky: INFO Timeout while retrieving information [#6331] (rr.robinson)
Oct 19 18:44:11 ubuntu.local ticky: ERROR Ticket doesn't exist (blossom)
Mar 22 19:15:13 ubuntu.local ticky: INFO The ticket was modified while updating [#3512] (montanap)
Jul 16 18:27:58 ubuntu.local ticky: ERROR Closed ticket (noel)
Dec 18 17:35:25 ubuntu.local ticky: INFO Permission denied while closing ticket [#5180] (kirknixon)
May 12 18:25:47 ubuntu.local ticky: INFO The ticket was modified while updating [#8260] (britanni)
Feb 16 13:45:13 ubuntu.local ticky: ERROR Permission denied while closing ticket (mai.hendrix)
Feb 18 18:43:57 ubuntu.local ticky: INFO Closed ticket [#2599] (oren)
Jan 21 13:16:52 ubuntu.local ticky: INFO The ticket was modified while updating [#1160] (mdouglas)
Feb 11 18:35:41 ubuntu.local ticky: ERROR Connection to DB failed (jackowens)
Dec 14 18:54:45 ubuntu.local ticky: ERROR Tried to add information to closed ticket (noel)
Feb 11 14:55:49 ubuntu.local ticky: INFO Connection to DB failed [#1199] (ac)
Mar 10 10:53:40 ubuntu.local ticky: INFO Ticket doesn't exist [#8865] (mdouglas)
Jan 23 14:32:49 ubuntu.local ticky: ERROR Connection to DB failed (enim.non)
Jul 10 19:39:27 ubuntu.local ticky: ERROR Ticket doesn't exist (ahmed.miller)
Dec 12 23:16:49 ubuntu.local ticky: ERROR Timeout while retrieving information (oren)
Feb 20 19:15:10 ubuntu.local ticky: INFO Ticket doesn't exist [#8088] (jackowens)
Aug 15 12:57:10 ubuntu.local ticky: ERROR Permission denied while closing ticket (britanni)
Sep 18 21:35:19 ubuntu.local ticky: ERROR Timeout while retrieving information (mcintosh)
Mar 11 16:26:22 ubuntu.local ticky: ERROR Connection to DB failed (britanni)
Sep 12 19:54:22 ubuntu.local ticky: ERROR Timeout while retrieving information (mcintosh)
Dec 12 23:21:54 ubuntu.local ticky: INFO The ticket was modified while updating [#3368] (mdouglas)
Feb 20 20:23:26 ubuntu.local ticky: ERROR The ticket was modified while updating (enim.non)
May 20 16:32:18 ubuntu.local ticky: ERROR Permission denied while closing ticket (montanap)
Oct 19 22:39:50 ubuntu.local ticky: INFO Created ticket [#9199] (oren)
Jan 22 22:59:44 ubuntu.local ticky: INFO Closed ticket [#9975] (ahmed.miller)
Aug 19 13:55:17 ubuntu.local ticky: ERROR The ticket was modified while updating (bpacheco)
Apr 14 14:34:48 ubuntu.local ticky: INFO Commented on ticket [#9199] (britanni)
Apr 23 13:38:29 ubuntu.local ticky: ERROR Commented on ticket (enim.non)
Jul 12 22:42:56 ubuntu.local ticky: ERROR Commented on ticket (nonummy)
Oct 11 22:20:43 ubuntu.local ticky: ERROR Connection to DB failed (noel)
Oct 25 14:18:23 ubuntu.local ticky: INFO Tried to add information to closed ticket [#4159] (kirknixon)
Jun 14 15:18:36 ubuntu.local ticky: ERROR Closed ticket (xlg)
Sep 17 14:21:21 ubuntu.local ticky: INFO Permission denied while closing ticket [#2895] (flavia)
Jan 26 18:29:46 ubuntu.local ticky: ERROR Tried to add information to closed ticket (sri)
Dec 11 12:46:45 ubuntu.local ticky: INFO The ticket was modified while updating [#3773] (flavia)
Feb 11 16:20:25 ubuntu.local ticky: ERROR Timeout while retrieving information (ahmed.miller)
Oct 28 23:45:49 ubuntu.local ticky: ERROR The ticket was modified while updating (bpacheco)
May 28 10:57:14 ubuntu.local ticky: ERROR Permission denied while closing ticket (flavia)
Oct 12 22:31:53 ubuntu.local ticky: ERROR Created ticket (oren)
Apr 10 19:17:56 ubuntu.local ticky: INFO The ticket was modified while updating [#3729] (noel)
Jan 22 23:36:59 ubuntu.local ticky: ERROR Timeout while retrieving information (flavia)
Mar 24 17:34:16 ubuntu.local ticky: INFO Ticket doesn't exist [#5739] (enim.non)
Jun 22 14:50:21 ubuntu.local ticky: INFO Connection to DB failed [#8165] (blossom)
Mar 22 12:26:13 ubuntu.local ticky: ERROR Connection to DB failed (breee)
Dec 25 23:19:50 ubuntu.local ticky: INFO Permission denied while closing ticket [#2727] (bpacheco)
Sep 27 22:38:28 ubuntu.local ticky: ERROR Created ticket (ahmed.miller)
Jun 22 22:55:45 ubuntu.local ticky: INFO Timeout while retrieving information [#1012] (ac)
Jul 21 12:13:37 ubuntu.local ticky: ERROR The ticket was modified while updating (kirknixon)
Nov 18 11:52:50 ubuntu.local ticky: ERROR Created ticket (kirknixon)
Mar 10 16:51:44 ubuntu.local ticky: ERROR Commented on ticket (flavia)
Sep 12 14:18:43 ubuntu.local ticky: ERROR Closed ticket (mai.hendrix)
Jan 28 10:11:40 ubuntu.local ticky: ERROR Connection to DB failed (ahmed.miller)
Oct 27 11:44:18 ubuntu.local ticky: ERROR Closed ticket (breee)
Feb 24 14:26:49 ubuntu.local ticky: INFO Permission denied while closing ticket [#3019] (xlg)
Jul 18 15:23:51 ubuntu.local ticky: INFO Connection to DB failed [#5205] (nonummy)
Aug 11 14:22:55 ubuntu.local ticky: ERROR Tried to add information to closed ticket (bpacheco)
Sep 21 22:56:16 ubuntu.local ticky: ERROR Permission denied while closing ticket (montanap)
Apr 22 19:35:26 ubuntu.local ticky: INFO Ticket doesn't exist [#6404] (oren)
Mar 13 19:25:42 ubuntu.local ticky: INFO Permission denied while closing ticket [#7759] (mdouglas)
Aug 20 15:45:41 ubuntu.local ticky: INFO Closed ticket [#6422] (rr.robinson)
Apr 17 23:13:21 ubuntu.local ticky: INFO Timeout while retrieving information [#4253] (noel)
Aug 27 21:17:52 ubuntu.local ticky: ERROR Timeout while retrieving information (xlg)
Nov 13 12:50:22 ubuntu.local ticky: INFO The ticket was modified while updating [#6675] (noel)
Dec 28 18:53:44 ubuntu.local ticky: INFO Permission denied while closing ticket [#6708] (xlg)
Jul 27 16:50:27 ubuntu.local ticky: INFO Created ticket [#4401] (jackowens)
Nov 10 19:23:53 ubuntu.local ticky: ERROR Timeout while retrieving information (sri)
Nov 27 16:41:16 ubuntu.local ticky: INFO Timeout while retrieving information [#7404] (ahmed.miller)
Jan 14 12:47:39 ubuntu.local ticky: ERROR Connection to DB failed (ahmed.miller)
Jun 24 17:35:26 ubuntu.local ticky: INFO Timeout while retrieving information [#9424] (britanni)
Jun 28 20:53:19 ubuntu.local ticky: ERROR Created ticket (noel)
Mar 16 18:58:50 ubuntu.local ticky: ERROR Closed ticket (breee)
Mar 13 23:32:17 ubuntu.local ticky: ERROR Tried to add information to closed ticket (mai.hendrix)
Nov 23 15:13:34 ubuntu.local ticky: INFO Commented on ticket [#4384] (rr.robinson)
Nov 18 23:42:17 ubuntu.local ticky: INFO Permission denied while closing ticket [#3809] (xlg)
Mar 23 16:26:43 ubuntu.local ticky: ERROR Closed ticket (noel)
Jul 11 17:35:51 ubuntu.local ticky: ERROR Tried to add information to closed ticket (nonummy)
Jan 27 20:20:44 ubuntu.local ticky: ERROR Connection to DB failed (blossom)
Aug 28 13:43:16 ubuntu.local ticky: ERROR Tried to add information to closed ticket (flavia)
Nov 25 18:47:38 ubuntu.local ticky: INFO Timeout while retrieving information [#7403] (xlg)
Jun 28 17:58:16 ubuntu.local ticky: INFO Commented on ticket [#2072] (rr.robinson)
Oct 19 13:52:20 ubuntu.local ticky: INFO Ticket doesn't exist [#7851] (noel)
Nov 13 21:10:48 ubuntu.local ticky: INFO Created ticket [#3902] (jackowens)
Mar 14 10:35:31 ubuntu.local ticky: INFO Created ticket [#6442] (nonummy)
Apr 13 13:21:29 ubuntu.local ticky: ERROR Commented on ticket (ahmed.miller)
Aug 17 11:57:31 ubuntu.local ticky: INFO Permission denied while closing ticket [#5171] (ac)
Apr 22 14:21:54 ubuntu.local ticky: INFO The ticket was modified while updating [#7299] (britanni)
Apr 10 11:18:21 ubuntu.local ticky: ERROR Created ticket (kirknixon)
Sep 17 22:35:59 ubuntu.local ticky: INFO Commented on ticket [#3590] (ac)
Nov 15 17:52:51 ubuntu.local ticky: ERROR Tried to add information to closed ticket (montanap)
Feb 22 15:20:53 ubuntu.local ticky: ERROR Closed ticket (breee)
Oct 25 15:53:49 ubuntu.local ticky: INFO Permission denied while closing ticket [#8809] (mai.hendrix)
Dec 19 23:22:54 ubuntu.local ticky: INFO Timeout while retrieving information [#3836] (blossom)
Nov 13 23:54:18 ubuntu.local ticky: ERROR Ticket doesn't exist (sri)
Jan 27 20:53:14 ubuntu.local ticky: ERROR Timeout while retrieving information (jackowens)
Aug 20 14:32:30 ubuntu.local ticky: INFO Tried to add information to closed ticket [#3606] (enim.non)
Nov 12 10:28:20 ubuntu.local ticky: INFO Ticket doesn't exist [#3116] (jackowens)
Aug 24 11:40:36 ubuntu.local ticky: INFO Timeout while retrieving information [#9541] (rr.robinson)
Feb 25 20:17:46 ubuntu.local ticky: ERROR Created ticket (oren)
May 19 23:25:48 ubuntu.local ticky: ERROR Ticket doesn't exist (kirknixon)
Feb 25 17:13:59 ubuntu.local ticky: ERROR Commented on ticket (montanap)
Jul 23 11:43:53 ubuntu.local ticky: INFO Closed ticket [#4672] (rr.robinson)
May 25 23:13:15 ubuntu.local ticky: INFO Ticket doesn't exist [#9166] (xlg)
Jun 22 15:10:39 ubuntu.local ticky: ERROR The ticket was modified while updating (noel)
May 18 10:47:23 ubuntu.local ticky: INFO Tried to add information to closed ticket [#9908] (kirknixon)
